<?xml version="1.0" encoding="UTF-8"?>
<coverage generated="1680449549987" clover="3.2.0">
  <project timestamp="1680449549988" name="All files">
    <metrics statements="115" coveredstatements="82" conditionals="35" coveredconditionals="24" methods="7" coveredmethods="5" elements="157" coveredelements="111" complexity="0" loc="115" ncloc="115" packages="1" files="1" classes="1"/>
    <file name="helpers.js" path="/mnt/wsl/docker-desktop-bind-mounts/Ubuntu-20.04/4c87341f93b2a3a842105df72d240a84a7ffada3f8f3614de850d075870133fc/ol_data_manager/src/helpers.js">
      <metrics statements="115" coveredstatements="82" conditionals="35" coveredconditionals="24" methods="7" coveredmethods="5"/>
      <line num="1" count="1" type="stmt"/>
      <line num="2" count="1" type="stmt"/>
      <line num="3" count="4" type="cond" truecount="1" falsecount="0"/>
      <line num="4" count="4" type="stmt"/>
      <line num="5" count="4" type="cond" truecount="1" falsecount="0"/>
      <line num="6" count="3" type="stmt"/>
      <line num="7" count="3" type="cond" truecount="1" falsecount="0"/>
      <line num="8" count="1" type="stmt"/>
      <line num="9" count="1" type="stmt"/>
      <line num="10" count="1" type="stmt"/>
      <line num="11" count="1" type="cond" truecount="1" falsecount="0"/>
      <line num="12" count="1" type="stmt"/>
      <line num="13" count="1" type="cond" truecount="0" falsecount="1"/>
      <line num="14" count="0" type="stmt"/>
      <line num="15" count="1" type="cond" truecount="0" falsecount="3"/>
      <line num="16" count="0" type="stmt"/>
      <line num="17" count="1" type="cond" truecount="0" falsecount="1"/>
      <line num="18" count="0" type="stmt"/>
      <line num="19" count="0" type="stmt"/>
      <line num="20" count="1" type="stmt"/>
      <line num="21" count="1" type="stmt"/>
      <line num="22" count="1" type="stmt"/>
      <line num="23" count="1" type="stmt"/>
      <line num="24" count="1" type="stmt"/>
      <line num="25" count="1" type="stmt"/>
      <line num="26" count="0" type="stmt"/>
      <line num="27" count="0" type="stmt"/>
      <line num="28" count="0" type="stmt"/>
      <line num="29" count="0" type="stmt"/>
      <line num="30" count="0" type="stmt"/>
      <line num="31" count="0" type="stmt"/>
      <line num="32" count="0" type="stmt"/>
      <line num="33" count="1" type="stmt"/>
      <line num="34" count="13" type="cond" truecount="1" falsecount="0"/>
      <line num="35" count="13" type="cond" truecount="0" falsecount="1"/>
      <line num="36" count="0" type="stmt"/>
      <line num="37" count="0" type="stmt"/>
      <line num="38" count="13" type="stmt"/>
      <line num="39" count="13" type="stmt"/>
      <line num="40" count="13" type="stmt"/>
      <line num="41" count="1" type="stmt"/>
      <line num="42" count="5" type="cond" truecount="1" falsecount="0"/>
      <line num="43" count="5" type="cond" truecount="2" falsecount="0"/>
      <line num="44" count="1" type="stmt"/>
      <line num="45" count="1" type="cond" truecount="1" falsecount="0"/>
      <line num="46" count="4" type="stmt"/>
      <line num="47" count="5" type="cond" truecount="0" falsecount="1"/>
      <line num="48" count="0" type="stmt"/>
      <line num="49" count="0" type="cond" truecount="1" falsecount="0"/>
      <line num="50" count="4" type="cond" truecount="1" falsecount="0"/>
      <line num="51" count="4" type="stmt"/>
      <line num="52" count="4" type="stmt"/>
      <line num="53" count="1" type="stmt"/>
      <line num="54" count="0" type="stmt"/>
      <line num="55" count="0" type="stmt"/>
      <line num="56" count="0" type="stmt"/>
      <line num="57" count="0" type="stmt"/>
      <line num="58" count="0" type="stmt"/>
      <line num="59" count="0" type="stmt"/>
      <line num="60" count="0" type="stmt"/>
      <line num="61" count="0" type="stmt"/>
      <line num="62" count="0" type="stmt"/>
      <line num="63" count="1" type="stmt"/>
      <line num="64" count="17" type="cond" truecount="1" falsecount="0"/>
      <line num="65" count="17" type="stmt"/>
      <line num="66" count="17" type="cond" truecount="1" falsecount="0"/>
      <line num="67" count="6" type="cond" truecount="1" falsecount="0"/>
      <line num="68" count="6" type="stmt"/>
      <line num="69" count="6" type="cond" truecount="1" falsecount="0"/>
      <line num="70" count="11" type="stmt"/>
      <line num="71" count="11" type="stmt"/>
      <line num="72" count="17" type="cond" truecount="1" falsecount="0"/>
      <line num="73" count="1" type="stmt"/>
      <line num="74" count="1" type="cond" truecount="1" falsecount="0"/>
      <line num="75" count="10" type="stmt"/>
      <line num="76" count="10" type="stmt"/>
      <line num="77" count="17" type="cond" truecount="1" falsecount="1"/>
      <line num="78" count="0" type="stmt"/>
      <line num="79" count="0" type="cond" truecount="1" falsecount="0"/>
      <line num="80" count="10" type="stmt"/>
      <line num="81" count="10" type="stmt"/>
      <line num="82" count="17" type="cond" truecount="1" falsecount="0"/>
      <line num="83" count="9" type="stmt"/>
      <line num="84" count="9" type="cond" truecount="1" falsecount="0"/>
      <line num="85" count="1" type="stmt"/>
      <line num="86" count="1" type="stmt"/>
      <line num="87" count="1" type="stmt"/>
      <line num="88" count="1" type="stmt"/>
      <line num="89" count="17" type="cond" truecount="0" falsecount="1"/>
      <line num="90" count="0" type="stmt"/>
      <line num="91" count="17" type="cond" truecount="0" falsecount="1"/>
      <line num="92" count="0" type="stmt"/>
      <line num="93" count="0" type="cond" truecount="1" falsecount="0"/>
      <line num="94" count="1" type="stmt"/>
      <line num="95" count="1" type="stmt"/>
      <line num="96" count="1" type="stmt"/>
      <line num="97" count="1" type="stmt"/>
      <line num="98" count="17" type="cond" truecount="1" falsecount="0"/>
      <line num="99" count="1" type="stmt"/>
      <line num="100" count="17" type="cond" truecount="1" falsecount="0"/>
      <line num="101" count="1" type="stmt"/>
      <line num="102" count="1" type="cond" truecount="0" falsecount="1"/>
      <line num="103" count="0" type="stmt"/>
      <line num="104" count="0" type="stmt"/>
      <line num="105" count="0" type="stmt"/>
      <line num="106" count="0" type="stmt"/>
      <line num="107" count="1" type="stmt"/>
      <line num="108" count="1" type="stmt"/>
      <line num="109" count="1" type="stmt"/>
      <line num="110" count="1" type="stmt"/>
      <line num="111" count="1" type="stmt"/>
      <line num="112" count="1" type="stmt"/>
      <line num="113" count="1" type="stmt"/>
      <line num="114" count="1" type="stmt"/>
      <line num="115" count="1" type="stmt"/>
    </file>
  </project>
</coverage>
