{"/mnt/wsl/docker-desktop-bind-mounts/Ubuntu-20.04/4c87341f93b2a3a842105df72d240a84a7ffada3f8f3614de850d075870133fc/ol_data_manager/src/helpers.js": {"path":"/mnt/wsl/docker-desktop-bind-mounts/Ubuntu-20.04/4c87341f93b2a3a842105df72d240a84a7ffada3f8f3614de850d075870133fc/ol_data_manager/src/helpers.js","all":false,"statementMap":{"0":{"start":{"line":1,"column":0},"end":{"line":1,"column":28}},"1":{"start":{"line":2,"column":0},"end":{"line":2,"column":0}},"2":{"start":{"line":3,"column":0},"end":{"line":3,"column":41}},"3":{"start":{"line":4,"column":0},"end":{"line":4,"column":29}},"4":{"start":{"line":5,"column":0},"end":{"line":5,"column":34}},"5":{"start":{"line":6,"column":0},"end":{"line":6,"column":36}},"6":{"start":{"line":7,"column":0},"end":{"line":7,"column":3}},"7":{"start":{"line":8,"column":0},"end":{"line":8,"column":14}},"8":{"start":{"line":9,"column":0},"end":{"line":9,"column":1}},"9":{"start":{"line":10,"column":0},"end":{"line":10,"column":0}},"10":{"start":{"line":11,"column":0},"end":{"line":11,"column":33}},"11":{"start":{"line":12,"column":0},"end":{"line":12,"column":19}},"12":{"start":{"line":13,"column":0},"end":{"line":13,"column":49}},"13":{"start":{"line":14,"column":0},"end":{"line":14,"column":20}},"14":{"start":{"line":15,"column":0},"end":{"line":15,"column":73}},"15":{"start":{"line":16,"column":0},"end":{"line":16,"column":55}},"16":{"start":{"line":17,"column":0},"end":{"line":17,"column":36}},"17":{"start":{"line":18,"column":0},"end":{"line":18,"column":71}},"18":{"start":{"line":19,"column":0},"end":{"line":19,"column":58}},"19":{"start":{"line":20,"column":0},"end":{"line":20,"column":10}},"20":{"start":{"line":21,"column":0},"end":{"line":21,"column":55}},"21":{"start":{"line":22,"column":0},"end":{"line":22,"column":3}},"22":{"start":{"line":23,"column":0},"end":{"line":23,"column":49}},"23":{"start":{"line":24,"column":0},"end":{"line":24,"column":1}},"24":{"start":{"line":25,"column":0},"end":{"line":25,"column":0}},"25":{"start":{"line":26,"column":0},"end":{"line":26,"column":31}},"26":{"start":{"line":27,"column":0},"end":{"line":27,"column":49}},"27":{"start":{"line":28,"column":0},"end":{"line":28,"column":12}},"28":{"start":{"line":29,"column":0},"end":{"line":29,"column":10}},"29":{"start":{"line":30,"column":0},"end":{"line":30,"column":35}},"30":{"start":{"line":31,"column":0},"end":{"line":31,"column":3}},"31":{"start":{"line":32,"column":0},"end":{"line":32,"column":1}},"32":{"start":{"line":33,"column":0},"end":{"line":33,"column":0}},"33":{"start":{"line":34,"column":0},"end":{"line":34,"column":37}},"34":{"start":{"line":35,"column":0},"end":{"line":35,"column":23}},"35":{"start":{"line":36,"column":0},"end":{"line":36,"column":15}},"36":{"start":{"line":37,"column":0},"end":{"line":37,"column":3}},"37":{"start":{"line":38,"column":0},"end":{"line":38,"column":104}},"38":{"start":{"line":39,"column":0},"end":{"line":39,"column":10}},"39":{"start":{"line":40,"column":0},"end":{"line":40,"column":1}},"40":{"start":{"line":41,"column":0},"end":{"line":41,"column":0}},"41":{"start":{"line":42,"column":0},"end":{"line":42,"column":30}},"42":{"start":{"line":43,"column":0},"end":{"line":43,"column":60}},"43":{"start":{"line":44,"column":0},"end":{"line":44,"column":15}},"44":{"start":{"line":45,"column":0},"end":{"line":45,"column":3}},"45":{"start":{"line":46,"column":0},"end":{"line":46,"column":0}},"46":{"start":{"line":47,"column":0},"end":{"line":47,"column":30}},"47":{"start":{"line":48,"column":0},"end":{"line":48,"column":19}},"48":{"start":{"line":49,"column":0},"end":{"line":49,"column":3}},"49":{"start":{"line":50,"column":0},"end":{"line":50,"column":118}},"50":{"start":{"line":51,"column":0},"end":{"line":51,"column":42}},"51":{"start":{"line":52,"column":0},"end":{"line":52,"column":1}},"52":{"start":{"line":53,"column":0},"end":{"line":53,"column":0}},"53":{"start":{"line":54,"column":0},"end":{"line":54,"column":29}},"54":{"start":{"line":55,"column":0},"end":{"line":55,"column":42}},"55":{"start":{"line":56,"column":0},"end":{"line":56,"column":0}},"56":{"start":{"line":57,"column":0},"end":{"line":57,"column":31}},"57":{"start":{"line":58,"column":0},"end":{"line":58,"column":54}},"58":{"start":{"line":59,"column":0},"end":{"line":59,"column":3}},"59":{"start":{"line":60,"column":0},"end":{"line":60,"column":0}},"60":{"start":{"line":61,"column":0},"end":{"line":61,"column":17}},"61":{"start":{"line":62,"column":0},"end":{"line":62,"column":1}},"62":{"start":{"line":63,"column":0},"end":{"line":63,"column":0}},"63":{"start":{"line":64,"column":0},"end":{"line":64,"column":31}},"64":{"start":{"line":65,"column":0},"end":{"line":65,"column":16}},"65":{"start":{"line":66,"column":0},"end":{"line":66,"column":29}},"66":{"start":{"line":67,"column":0},"end":{"line":67,"column":42}},"67":{"start":{"line":68,"column":0},"end":{"line":68,"column":36}},"68":{"start":{"line":69,"column":0},"end":{"line":69,"column":3}},"69":{"start":{"line":70,"column":0},"end":{"line":70,"column":0}},"70":{"start":{"line":71,"column":0},"end":{"line":71,"column":17}},"71":{"start":{"line":72,"column":0},"end":{"line":72,"column":34}},"72":{"start":{"line":73,"column":0},"end":{"line":73,"column":16}},"73":{"start":{"line":74,"column":0},"end":{"line":74,"column":3}},"74":{"start":{"line":75,"column":0},"end":{"line":75,"column":0}},"75":{"start":{"line":76,"column":0},"end":{"line":76,"column":48}},"76":{"start":{"line":77,"column":0},"end":{"line":77,"column":62}},"77":{"start":{"line":78,"column":0},"end":{"line":78,"column":20}},"78":{"start":{"line":79,"column":0},"end":{"line":79,"column":3}},"79":{"start":{"line":80,"column":0},"end":{"line":80,"column":0}},"80":{"start":{"line":81,"column":0},"end":{"line":81,"column":48}},"81":{"start":{"line":82,"column":0},"end":{"line":82,"column":34}},"82":{"start":{"line":83,"column":0},"end":{"line":83,"column":16}},"83":{"start":{"line":84,"column":0},"end":{"line":84,"column":3}},"84":{"start":{"line":85,"column":0},"end":{"line":85,"column":0}},"85":{"start":{"line":86,"column":0},"end":{"line":86,"column":60}},"86":{"start":{"line":87,"column":0},"end":{"line":87,"column":6}},"87":{"start":{"line":88,"column":0},"end":{"line":88,"column":32}},"88":{"start":{"line":89,"column":0},"end":{"line":89,"column":58}},"89":{"start":{"line":90,"column":0},"end":{"line":90,"column":56}},"90":{"start":{"line":91,"column":0},"end":{"line":91,"column":5}},"91":{"start":{"line":92,"column":0},"end":{"line":92,"column":22}},"92":{"start":{"line":93,"column":0},"end":{"line":93,"column":3}},"93":{"start":{"line":94,"column":0},"end":{"line":94,"column":0}},"94":{"start":{"line":95,"column":0},"end":{"line":95,"column":56}},"95":{"start":{"line":96,"column":0},"end":{"line":96,"column":6}},"96":{"start":{"line":97,"column":0},"end":{"line":97,"column":32}},"97":{"start":{"line":98,"column":0},"end":{"line":98,"column":38}},"98":{"start":{"line":99,"column":0},"end":{"line":99,"column":54}},"99":{"start":{"line":100,"column":0},"end":{"line":100,"column":5}},"100":{"start":{"line":101,"column":0},"end":{"line":101,"column":20}},"101":{"start":{"line":102,"column":0},"end":{"line":102,"column":3}},"102":{"start":{"line":103,"column":0},"end":{"line":103,"column":0}},"103":{"start":{"line":104,"column":0},"end":{"line":104,"column":69}},"104":{"start":{"line":105,"column":0},"end":{"line":105,"column":53}},"105":{"start":{"line":106,"column":0},"end":{"line":106,"column":1}},"106":{"start":{"line":107,"column":0},"end":{"line":107,"column":0}},"107":{"start":{"line":108,"column":0},"end":{"line":108,"column":18}},"108":{"start":{"line":109,"column":0},"end":{"line":109,"column":15}},"109":{"start":{"line":110,"column":0},"end":{"line":110,"column":14}},"110":{"start":{"line":111,"column":0},"end":{"line":111,"column":17}},"111":{"start":{"line":112,"column":0},"end":{"line":112,"column":15}},"112":{"start":{"line":113,"column":0},"end":{"line":113,"column":13}},"113":{"start":{"line":114,"column":0},"end":{"line":114,"column":20}},"114":{"start":{"line":115,"column":0},"end":{"line":115,"column":1}}},"s":{"0":1,"1":1,"2":4,"3":4,"4":4,"5":3,"6":3,"7":1,"8":1,"9":1,"10":1,"11":1,"12":1,"13":0,"14":1,"15":0,"16":1,"17":0,"18":0,"19":1,"20":1,"21":1,"22":1,"23":1,"24":1,"25":0,"26":0,"27":0,"28":0,"29":0,"30":0,"31":0,"32":1,"33":13,"34":13,"35":0,"36":0,"37":13,"38":13,"39":13,"40":1,"41":5,"42":5,"43":1,"44":1,"45":4,"46":5,"47":0,"48":0,"49":4,"50":4,"51":4,"52":1,"53":0,"54":0,"55":0,"56":0,"57":0,"58":0,"59":0,"60":0,"61":0,"62":1,"63":17,"64":17,"65":17,"66":6,"67":6,"68":6,"69":11,"70":11,"71":17,"72":1,"73":1,"74":10,"75":10,"76":17,"77":0,"78":0,"79":10,"80":10,"81":17,"82":9,"83":9,"84":1,"85":1,"86":1,"87":1,"88":17,"89":0,"90":17,"91":0,"92":0,"93":1,"94":1,"95":1,"96":1,"97":17,"98":1,"99":17,"100":1,"101":1,"102":0,"103":0,"104":0,"105":0,"106":1,"107":1,"108":1,"109":1,"110":1,"111":1,"112":1,"113":1,"114":1},"branchMap":{"0":{"type":"branch","line":3,"loc":{"start":{"line":3,"column":0},"end":{"line":9,"column":1}},"locations":[{"start":{"line":3,"column":0},"end":{"line":9,"column":1}}]},"1":{"type":"branch","line":5,"loc":{"start":{"line":5,"column":33},"end":{"line":7,"column":3}},"locations":[{"start":{"line":5,"column":33},"end":{"line":7,"column":3}}]},"2":{"type":"branch","line":7,"loc":{"start":{"line":7,"column":2},"end":{"line":9,"column":1}},"locations":[{"start":{"line":7,"column":2},"end":{"line":9,"column":1}}]},"3":{"type":"branch","line":11,"loc":{"start":{"line":11,"column":0},"end":{"line":24,"column":1}},"locations":[{"start":{"line":11,"column":0},"end":{"line":24,"column":1}}]},"4":{"type":"branch","line":13,"loc":{"start":{"line":13,"column":48},"end":{"line":15,"column":3}},"locations":[{"start":{"line":13,"column":48},"end":{"line":15,"column":3}}]},"5":{"type":"branch","line":15,"loc":{"start":{"line":15,"column":33},"end":{"line":15,"column":53}},"locations":[{"start":{"line":15,"column":33},"end":{"line":15,"column":53}}]},"6":{"type":"branch","line":15,"loc":{"start":{"line":15,"column":53},"end":{"line":15,"column":70}},"locations":[{"start":{"line":15,"column":53},"end":{"line":15,"column":70}}]},"7":{"type":"branch","line":15,"loc":{"start":{"line":15,"column":72},"end":{"line":17,"column":3}},"locations":[{"start":{"line":15,"column":72},"end":{"line":17,"column":3}}]},"8":{"type":"branch","line":17,"loc":{"start":{"line":17,"column":35},"end":{"line":20,"column":3}},"locations":[{"start":{"line":17,"column":35},"end":{"line":20,"column":3}}]},"9":{"type":"branch","line":34,"loc":{"start":{"line":34,"column":0},"end":{"line":40,"column":1}},"locations":[{"start":{"line":34,"column":0},"end":{"line":40,"column":1}}]},"10":{"type":"branch","line":35,"loc":{"start":{"line":35,"column":22},"end":{"line":37,"column":3}},"locations":[{"start":{"line":35,"column":22},"end":{"line":37,"column":3}}]},"11":{"type":"branch","line":42,"loc":{"start":{"line":42,"column":0},"end":{"line":52,"column":1}},"locations":[{"start":{"line":42,"column":0},"end":{"line":52,"column":1}}]},"12":{"type":"branch","line":43,"loc":{"start":{"line":43,"column":34},"end":{"line":43,"column":57}},"locations":[{"start":{"line":43,"column":34},"end":{"line":43,"column":57}}]},"13":{"type":"branch","line":43,"loc":{"start":{"line":43,"column":59},"end":{"line":45,"column":3}},"locations":[{"start":{"line":43,"column":59},"end":{"line":45,"column":3}}]},"14":{"type":"branch","line":45,"loc":{"start":{"line":45,"column":2},"end":{"line":47,"column":29}},"locations":[{"start":{"line":45,"column":2},"end":{"line":47,"column":29}}]},"15":{"type":"branch","line":47,"loc":{"start":{"line":47,"column":29},"end":{"line":49,"column":3}},"locations":[{"start":{"line":47,"column":29},"end":{"line":49,"column":3}}]},"16":{"type":"branch","line":49,"loc":{"start":{"line":49,"column":2},"end":{"line":52,"column":1}},"locations":[{"start":{"line":49,"column":2},"end":{"line":52,"column":1}}]},"17":{"type":"branch","line":50,"loc":{"start":{"line":50,"column":35},"end":{"line":50,"column":117}},"locations":[{"start":{"line":50,"column":35},"end":{"line":50,"column":117}}]},"18":{"type":"branch","line":64,"loc":{"start":{"line":64,"column":0},"end":{"line":106,"column":1}},"locations":[{"start":{"line":64,"column":0},"end":{"line":106,"column":1}}]},"19":{"type":"branch","line":66,"loc":{"start":{"line":66,"column":28},"end":{"line":69,"column":3}},"locations":[{"start":{"line":66,"column":28},"end":{"line":69,"column":3}}]},"20":{"type":"branch","line":69,"loc":{"start":{"line":69,"column":2},"end":{"line":72,"column":33}},"locations":[{"start":{"line":69,"column":2},"end":{"line":72,"column":33}}]},"21":{"type":"branch","line":72,"loc":{"start":{"line":72,"column":33},"end":{"line":74,"column":3}},"locations":[{"start":{"line":72,"column":33},"end":{"line":74,"column":3}}]},"22":{"type":"branch","line":74,"loc":{"start":{"line":74,"column":2},"end":{"line":77,"column":43}},"locations":[{"start":{"line":74,"column":2},"end":{"line":77,"column":43}}]},"23":{"type":"branch","line":77,"loc":{"start":{"line":77,"column":43},"end":{"line":77,"column":59}},"locations":[{"start":{"line":77,"column":43},"end":{"line":77,"column":59}}]},"24":{"type":"branch","line":77,"loc":{"start":{"line":77,"column":61},"end":{"line":79,"column":3}},"locations":[{"start":{"line":77,"column":61},"end":{"line":79,"column":3}}]},"25":{"type":"branch","line":79,"loc":{"start":{"line":79,"column":2},"end":{"line":82,"column":33}},"locations":[{"start":{"line":79,"column":2},"end":{"line":82,"column":33}}]},"26":{"type":"branch","line":82,"loc":{"start":{"line":82,"column":33},"end":{"line":84,"column":3}},"locations":[{"start":{"line":82,"column":33},"end":{"line":84,"column":3}}]},"27":{"type":"branch","line":84,"loc":{"start":{"line":84,"column":2},"end":{"line":89,"column":55}},"locations":[{"start":{"line":84,"column":2},"end":{"line":89,"column":55}}]},"28":{"type":"branch","line":89,"loc":{"start":{"line":89,"column":55},"end":{"line":90,"column":56}},"locations":[{"start":{"line":89,"column":55},"end":{"line":90,"column":56}}]},"29":{"type":"branch","line":91,"loc":{"start":{"line":91,"column":4},"end":{"line":93,"column":3}},"locations":[{"start":{"line":91,"column":4},"end":{"line":93,"column":3}}]},"30":{"type":"branch","line":93,"loc":{"start":{"line":93,"column":2},"end":{"line":98,"column":35}},"locations":[{"start":{"line":93,"column":2},"end":{"line":98,"column":35}}]},"31":{"type":"branch","line":98,"loc":{"start":{"line":98,"column":35},"end":{"line":99,"column":54}},"locations":[{"start":{"line":98,"column":35},"end":{"line":99,"column":54}}]},"32":{"type":"branch","line":100,"loc":{"start":{"line":100,"column":4},"end":{"line":102,"column":3}},"locations":[{"start":{"line":100,"column":4},"end":{"line":102,"column":3}}]},"33":{"type":"branch","line":102,"loc":{"start":{"line":102,"column":2},"end":{"line":106,"column":1}},"locations":[{"start":{"line":102,"column":2},"end":{"line":106,"column":1}}]},"34":{"type":"branch","line":67,"loc":{"start":{"line":67,"column":21},"end":{"line":67,"column":41}},"locations":[{"start":{"line":67,"column":21},"end":{"line":67,"column":41}}]}},"b":{"0":[4],"1":[3],"2":[1],"3":[1],"4":[0],"5":[0],"6":[0],"7":[0],"8":[0],"9":[13],"10":[0],"11":[5],"12":[4],"13":[1],"14":[4],"15":[0],"16":[4],"17":[9],"18":[17],"19":[6],"20":[11],"21":[1],"22":[10],"23":[10],"24":[0],"25":[10],"26":[9],"27":[1],"28":[0],"29":[0],"30":[1],"31":[1],"32":[1],"33":[0],"34":[10]},"fnMap":{"0":{"name":"jsonValueReplacer","decl":{"start":{"line":3,"column":0},"end":{"line":9,"column":1}},"loc":{"start":{"line":3,"column":0},"end":{"line":9,"column":1}},"line":3},"1":{"name":"basicJsonValue","decl":{"start":{"line":11,"column":0},"end":{"line":24,"column":1}},"loc":{"start":{"line":11,"column":0},"end":{"line":24,"column":1}},"line":11},"2":{"name":"booleanValue","decl":{"start":{"line":26,"column":0},"end":{"line":32,"column":1}},"loc":{"start":{"line":26,"column":0},"end":{"line":32,"column":1}},"line":26},"3":{"name":"removeSpecialChars","decl":{"start":{"line":34,"column":0},"end":{"line":40,"column":1}},"loc":{"start":{"line":34,"column":0},"end":{"line":40,"column":1}},"line":34},"4":{"name":"formatArray","decl":{"start":{"line":42,"column":0},"end":{"line":52,"column":1}},"loc":{"start":{"line":42,"column":0},"end":{"line":52,"column":1}},"line":42},"5":{"name":"formatText","decl":{"start":{"line":54,"column":0},"end":{"line":62,"column":1}},"loc":{"start":{"line":54,"column":0},"end":{"line":62,"column":1}},"line":54},"6":{"name":"getTextValue","decl":{"start":{"line":64,"column":0},"end":{"line":106,"column":1}},"loc":{"start":{"line":64,"column":0},"end":{"line":106,"column":1}},"line":64}},"f":{"0":4,"1":1,"2":0,"3":13,"4":5,"5":0,"6":17}}
}
