TN:
SF:src/helpers.js
FN:3,jsonValueReplacer
FN:11,basicJsonValue
FN:26,booleanValue
FN:34,removeSpecialChars
FN:42,formatArray
FN:54,formatText
FN:64,getTextValue
FNF:7
FNH:5
FNDA:4,jsonValueReplacer
FNDA:1,basicJsonValue
FNDA:0,booleanValue
FNDA:13,removeSpecialChars
FNDA:5,formatArray
FNDA:0,formatText
FNDA:17,getTextValue
DA:1,1
DA:2,1
DA:3,4
DA:4,4
DA:5,4
DA:6,3
DA:7,3
DA:8,1
DA:9,1
DA:10,1
DA:11,1
DA:12,1
DA:13,1
DA:14,0
DA:15,1
DA:16,0
DA:17,1
DA:18,0
DA:19,0
DA:20,1
DA:21,1
DA:22,1
DA:23,1
DA:24,1
DA:25,1
DA:26,0
DA:27,0
DA:28,0
DA:29,0
DA:30,0
DA:31,0
DA:32,0
DA:33,1
DA:34,13
DA:35,13
DA:36,0
DA:37,0
DA:38,13
DA:39,13
DA:40,13
DA:41,1
DA:42,5
DA:43,5
DA:44,1
DA:45,1
DA:46,4
DA:47,5
DA:48,0
DA:49,0
DA:50,4
DA:51,4
DA:52,4
DA:53,1
DA:54,0
DA:55,0
DA:56,0
DA:57,0
DA:58,0
DA:59,0
DA:60,0
DA:61,0
DA:62,0
DA:63,1
DA:64,17
DA:65,17
DA:66,17
DA:67,6
DA:68,6
DA:69,6
DA:70,11
DA:71,11
DA:72,17
DA:73,1
DA:74,1
DA:75,10
DA:76,10
DA:77,17
DA:78,0
DA:79,0
DA:80,10
DA:81,10
DA:82,17
DA:83,9
DA:84,9
DA:85,1
DA:86,1
DA:87,1
DA:88,1
DA:89,17
DA:90,0
DA:91,17
DA:92,0
DA:93,0
DA:94,1
DA:95,1
DA:96,1
DA:97,1
DA:98,17
DA:99,1
DA:100,17
DA:101,1
DA:102,1
DA:103,0
DA:104,0
DA:105,0
DA:106,0
DA:107,1
DA:108,1
DA:109,1
DA:110,1
DA:111,1
DA:112,1
DA:113,1
DA:114,1
DA:115,1
LF:115
LH:82
BRDA:3,0,0,4
BRDA:5,1,0,3
BRDA:7,2,0,1
BRDA:11,3,0,1
BRDA:13,4,0,0
BRDA:15,5,0,0
BRDA:15,6,0,0
BRDA:15,7,0,0
BRDA:17,8,0,0
BRDA:34,9,0,13
BRDA:35,10,0,0
BRDA:42,11,0,5
BRDA:43,12,0,4
BRDA:43,13,0,1
BRDA:45,14,0,4
BRDA:47,15,0,0
BRDA:49,16,0,4
BRDA:50,17,0,9
BRDA:64,18,0,17
BRDA:66,19,0,6
BRDA:69,20,0,11
BRDA:72,21,0,1
BRDA:74,22,0,10
BRDA:77,23,0,10
BRDA:77,24,0,0
BRDA:79,25,0,10
BRDA:82,26,0,9
BRDA:84,27,0,1
BRDA:89,28,0,0
BRDA:91,29,0,0
BRDA:93,30,0,1
BRDA:98,31,0,1
BRDA:100,32,0,1
BRDA:102,33,0,0
BRDA:67,34,0,10
BRF:35
BRH:24
end_of_record
