TN:
SF:src/helpers.js
FN:5,escapeDoubleQuotes
FN:9,wrapInDoubleQuotes
FN:13,basicValue
FN:21,escapeQuotesInObject
FN:45,jsonValueReplacer
FN:68,basicJsonValue
FN:100,booleanValue
FN:108,removeSpecialChars
FN:112,cleanupText
FN:135,basicArrayValue
FN:144,arrayKeyValues
FN:152,keyReferenceValue
FN:158,basicTextValue
FN:175,getSimpleKeyValue
FNF:14
FNH:4
FNDA:0,escapeDoubleQuotes
FNDA:0,wrapInDoubleQuotes
FNDA:0,basicValue
FNDA:0,escapeQuotesInObject
FNDA:4,jsonValueReplacer
FNDA:1,basicJsonValue
FNDA:0,booleanValue
FNDA:3,removeSpecialChars
FNDA:0,cleanupText
FNDA:4,basicArrayValue
FNDA:0,arrayKeyValues
FNDA:0,keyReferenceValue
FNDA:0,basicTextValue
FNDA:0,getSimpleKeyValue
DA:1,1
DA:2,1
DA:3,1
DA:4,1
DA:5,0
DA:6,0
DA:7,0
DA:8,1
DA:9,0
DA:10,0
DA:11,0
DA:12,1
DA:13,0
DA:14,0
DA:15,0
DA:16,0
DA:17,0
DA:18,0
DA:19,0
DA:20,1
DA:21,0
DA:22,0
DA:23,0
DA:24,0
DA:25,0
DA:26,0
DA:27,0
DA:28,0
DA:29,0
DA:30,0
DA:31,0
DA:32,0
DA:33,0
DA:34,0
DA:35,0
DA:36,0
DA:37,0
DA:38,0
DA:39,0
DA:40,0
DA:41,0
DA:42,0
DA:43,0
DA:44,1
DA:45,4
DA:46,4
DA:47,4
DA:48,3
DA:49,3
DA:50,1
DA:51,1
DA:52,1
DA:53,1
DA:54,1
DA:55,1
DA:56,1
DA:57,1
DA:58,1
DA:59,1
DA:60,1
DA:61,1
DA:62,1
DA:63,1
DA:64,1
DA:65,1
DA:66,1
DA:67,1
DA:68,1
DA:69,1
DA:70,1
DA:71,0
DA:72,1
DA:73,0
DA:74,1
DA:75,0
DA:76,0
DA:77,1
DA:78,1
DA:79,1
DA:80,1
DA:81,1
DA:82,1
DA:83,1
DA:84,1
DA:85,1
DA:86,1
DA:87,1
DA:88,1
DA:89,1
DA:90,1
DA:91,1
DA:92,1
DA:93,1
DA:94,1
DA:95,1
DA:96,1
DA:97,1
DA:98,1
DA:99,1
DA:100,0
DA:101,0
DA:102,0
DA:103,0
DA:104,0
DA:105,0
DA:106,0
DA:107,1
DA:108,3
DA:109,3
DA:110,3
DA:111,1
DA:112,0
DA:113,0
DA:114,0
DA:115,0
DA:116,0
DA:117,0
DA:118,0
DA:119,0
DA:120,0
DA:121,0
DA:122,1
DA:123,1
DA:124,1
DA:125,1
DA:126,1
DA:127,1
DA:128,1
DA:129,1
DA:130,1
DA:131,1
DA:132,1
DA:133,1
DA:134,1
DA:135,4
DA:136,4
DA:137,0
DA:138,0
DA:139,4
DA:140,4
DA:141,4
DA:142,4
DA:143,1
DA:144,0
DA:145,0
DA:146,0
DA:147,0
DA:148,0
DA:149,0
DA:150,0
DA:151,1
DA:152,0
DA:153,0
DA:154,0
DA:155,0
DA:156,0
DA:157,1
DA:158,0
DA:159,0
DA:160,0
DA:161,0
DA:162,0
DA:163,0
DA:164,0
DA:165,0
DA:166,0
DA:167,0
DA:168,0
DA:169,1
DA:170,1
DA:171,1
DA:172,1
DA:173,1
DA:174,1
DA:175,0
DA:176,0
DA:177,0
DA:178,0
DA:179,0
DA:180,0
DA:181,1
DA:182,1
DA:183,1
DA:184,1
DA:185,1
DA:186,1
DA:187,1
DA:188,1
DA:189,1
DA:190,1
DA:191,1
DA:192,1
DA:193,1
LF:193
LH:105
BRDA:45,0,0,4
BRDA:47,1,0,3
BRDA:49,2,0,1
BRDA:68,3,0,1
BRDA:70,4,0,0
BRDA:72,5,0,0
BRDA:72,6,0,0
BRDA:72,7,0,0
BRDA:74,8,0,0
BRDA:108,9,0,3
BRDA:135,10,0,4
BRDA:136,11,0,0
BRDA:140,12,0,9
BRF:13
BRH:7
end_of_record
